<?xml version="1.0" encoding="UTF-8"?>
<!-- Generated by org.testng.reporters.JUnitXMLReporter -->
<testsuite hostname="shasta" ignored="1" name="Free CRM App test Cases" tests="8" failures="0" timestamp="02 Jan 2019 07:59:29 GMT" time="135.273" errors="0">
  <testcase name="loginPageTitleTest" time="0.019" classname="com.crm.qa.testcases.LoginPageTest"/>
  <testcase name="verifyHomePageTitleTest" time="0.009" classname="com.crm.qa.testcases.HomePageTest"/>
  <testcase name="crmlogoImageTest" time="0.044" classname="com.crm.qa.testcases.LoginPageTest"/>
  <testcase name="verifyUserNameTest" time="0.148" classname="com.crm.qa.testcases.HomePageTest"/>
  <testcase name="loginTest" time="11.375" classname="com.crm.qa.testcases.LoginPageTest"/>
  <testcase name="contactsPageTest" time="2.95" classname="com.crm.qa.testcases.HomePageTest"/>
  <testcase name="dealsPageTest" time="1.233" classname="com.crm.qa.testcases.HomePageTest"/>
  <testcase name="tasksPageTest" time="1.324" classname="com.crm.qa.testcases.HomePageTest"/>
  <testcase name="signUpTest" time="0.0" classname="com.crm.qa.testcases.LoginPageTest">
    <ignored/>
  </testcase> <!-- signUpTest -->
</testsuite> <!-- Free CRM App test Cases -->
