<?xml version="1.0" encoding="UTF-8"?>
<!-- Generated by org.testng.reporters.JUnitXMLReporter -->
<testsuite hostname="shasta" ignored="1" name="Default test" tests="3" failures="0" timestamp="28 Dec 2018 11:32:42 GMT" time="41.735" errors="0">
  <testcase name="loginPageTitleTest" time="0.027" classname="com.crm.qa.testcases.LoginPageTest"/>
  <testcase name="crmlogoImageTest" time="0.047" classname="com.crm.qa.testcases.LoginPageTest"/>
  <testcase name="loginTest" time="9.634" classname="com.crm.qa.testcases.LoginPageTest"/>
  <testcase name="signUpTest" time="0.0" classname="com.crm.qa.testcases.LoginPageTest">
    <ignored/>
  </testcase> <!-- signUpTest -->
</testsuite> <!-- Default test -->
