<?xml version="1.0" encoding="UTF-8"?>
<!-- Generated by org.testng.reporters.JUnitXMLReporter -->
<testsuite hostname="shasta" ignored="1" name="Test" tests="1" failures="0" timestamp="28 Dec 2018 11:12:14 GMT" time="21.365" errors="0">
  <testcase name="verifyContactsPageLabel" time="0.047" classname="com.crm.qa.testcases.ContactsPageTest"/>
  <testcase name="signUpTest" time="0.0" classname="com.crm.qa.testcases.LoginPageTest">
    <ignored/>
  </testcase> <!-- signUpTest -->
</testsuite> <!-- Test -->
