<?xml version="1.0" encoding="UTF-8"?>
<!-- Generated by org.testng.reporters.JUnitXMLReporter -->
<testsuite hostname="shasta" ignored="1" name="Command line test" tests="3" failures="0" timestamp="02 Jan 2019 10:45:02 GMT" time="42.412" errors="0">
  <testcase name="verifyContactsPageLabel" time="0.046" classname="com.crm.qa.testcases.ContactsPageTest"/>
  <testcase name="verifyHomePageTitleTest" time="0.023" classname="com.crm.qa.testcases.HomePageTest"/>
  <testcase name="loginPageTitleTest" time="0.016" classname="com.crm.qa.testcases.LoginPageTest"/>
  <testcase name="signUpTest" time="0.0" classname="com.crm.qa.testcases.LoginPageTest">
    <ignored/>
  </testcase> <!-- signUpTest -->
</testsuite> <!-- Command line test -->
