<?xml version="1.0" encoding="UTF-8"?>
<testng-results skipped="0" failed="0" ignored="1" total="4" passed="3">
  <reporter-output>
  </reporter-output>
  <suite name="Command line suite" duration-ms="42412" started-at="2019-01-02T10:44:19Z" finished-at="2019-01-02T10:45:02Z">
    <groups>
    </groups>
    <test name="Command line test" duration-ms="42412" started-at="2019-01-02T10:44:19Z" finished-at="2019-01-02T10:45:02Z">
      <class name="com.crm.qa.testcases.HomePageTest">
        <test-method status="PASS" signature="setUp()[pri:0, instance:com.crm.qa.testcases.HomePageTest@77b52d12]" name="setUp" is-config="true" duration-ms="14076" started-at="2019-01-02T10:44:38Z" finished-at="2019-01-02T10:44:52Z">
          <reporter-output>
          </reporter-output>
        </test-method> <!-- setUp -->
        <test-method status="PASS" signature="verifyHomePageTitleTest()[pri:1, instance:com.crm.qa.testcases.HomePageTest@77b52d12]" name="verifyHomePageTitleTest" duration-ms="23" started-at="2019-01-02T10:44:52Z" finished-at="2019-01-02T10:44:53Z">
          <reporter-output>
          </reporter-output>
        </test-method> <!-- verifyHomePageTitleTest -->
        <test-method status="PASS" signature="tearDwon()[pri:0, instance:com.crm.qa.testcases.HomePageTest@77b52d12]" name="tearDwon" is-config="true" duration-ms="710" started-at="2019-01-02T10:44:53Z" finished-at="2019-01-02T10:44:53Z">
          <reporter-output>
          </reporter-output>
        </test-method> <!-- tearDwon -->
      </class> <!-- com.crm.qa.testcases.HomePageTest -->
      <class name="com.crm.qa.testcases.ContactsPageTest">
        <test-method status="PASS" signature="setUp()[pri:0, instance:com.crm.qa.testcases.ContactsPageTest@614c5515]" name="setUp" is-config="true" duration-ms="18367" started-at="2019-01-02T10:44:19Z" finished-at="2019-01-02T10:44:38Z">
          <reporter-output>
          </reporter-output>
        </test-method> <!-- setUp -->
        <test-method status="PASS" signature="verifyContactsPageLabel()[pri:0, instance:com.crm.qa.testcases.ContactsPageTest@614c5515]" name="verifyContactsPageLabel" duration-ms="46" started-at="2019-01-02T10:44:38Z" finished-at="2019-01-02T10:44:38Z">
          <reporter-output>
          </reporter-output>
        </test-method> <!-- verifyContactsPageLabel -->
        <test-method status="PASS" signature="tearDown()[pri:0, instance:com.crm.qa.testcases.ContactsPageTest@614c5515]" name="tearDown" is-config="true" duration-ms="748" started-at="2019-01-02T10:44:38Z" finished-at="2019-01-02T10:44:38Z">
          <reporter-output>
          </reporter-output>
        </test-method> <!-- tearDown -->
      </class> <!-- com.crm.qa.testcases.ContactsPageTest -->
      <class name="com.crm.qa.testcases.LoginPageTest">
        <test-method status="PASS" signature="setUp()[pri:0, instance:com.crm.qa.testcases.LoginPageTest@2d554825]" name="setUp" is-config="true" duration-ms="7691" started-at="2019-01-02T10:44:53Z" finished-at="2019-01-02T10:45:01Z">
          <reporter-output>
          </reporter-output>
        </test-method> <!-- setUp -->
        <test-method status="PASS" signature="loginPageTitleTest()[pri:1, instance:com.crm.qa.testcases.LoginPageTest@2d554825]" name="loginPageTitleTest" duration-ms="16" started-at="2019-01-02T10:45:01Z" finished-at="2019-01-02T10:45:01Z">
          <reporter-output>
          </reporter-output>
        </test-method> <!-- loginPageTitleTest -->
        <test-method status="PASS" signature="tearDown()[pri:0, instance:com.crm.qa.testcases.LoginPageTest@2d554825]" name="tearDown" is-config="true" duration-ms="691" started-at="2019-01-02T10:45:01Z" finished-at="2019-01-02T10:45:02Z">
          <reporter-output>
          </reporter-output>
        </test-method> <!-- tearDown -->
      </class> <!-- com.crm.qa.testcases.LoginPageTest -->
    </test> <!-- Command line test -->
  </suite> <!-- Command line suite -->
</testng-results>
