<?xml version="1.0" encoding="UTF-8"?>
<testng-results skipped="0" failed="0" ignored="1" total="9" passed="8">
  <reporter-output>
  </reporter-output>
  <suite name="Free CRM Application Test Automation Test Suite" duration-ms="135273" started-at="2019-01-02T07:57:14Z" finished-at="2019-01-02T07:59:29Z">
    <groups>
    </groups>
    <test name="Free CRM App test Cases" duration-ms="135273" started-at="2019-01-02T07:57:14Z" finished-at="2019-01-02T07:59:29Z">
      <class name="com.crm.qa.testcases.HomePageTest">
        <test-method status="PASS" signature="setUp()[pri:0, instance:com.crm.qa.testcases.HomePageTest@1a968a59]" name="setUp" is-config="true" duration-ms="17976" started-at="2019-01-02T07:57:24Z" finished-at="2019-01-02T07:57:42Z">
          <reporter-output>
          </reporter-output>
        </test-method> <!-- setUp -->
        <test-method status="PASS" signature="verifyHomePageTitleTest()[pri:1, instance:com.crm.qa.testcases.HomePageTest@1a968a59]" name="verifyHomePageTitleTest" duration-ms="9" started-at="2019-01-02T07:57:42Z" finished-at="2019-01-02T07:57:42Z">
          <reporter-output>
          </reporter-output>
        </test-method> <!-- verifyHomePageTitleTest -->
        <test-method status="PASS" signature="tearDwon()[pri:0, instance:com.crm.qa.testcases.HomePageTest@1a968a59]" name="tearDwon" is-config="true" duration-ms="725" started-at="2019-01-02T07:57:42Z" finished-at="2019-01-02T07:57:43Z">
          <reporter-output>
          </reporter-output>
        </test-method> <!-- tearDwon -->
        <test-method status="PASS" signature="setUp()[pri:0, instance:com.crm.qa.testcases.HomePageTest@1a968a59]" name="setUp" is-config="true" duration-ms="16823" started-at="2019-01-02T07:57:52Z" finished-at="2019-01-02T07:58:09Z">
          <reporter-output>
          </reporter-output>
        </test-method> <!-- setUp -->
        <test-method status="PASS" signature="verifyUserNameTest()[pri:2, instance:com.crm.qa.testcases.HomePageTest@1a968a59]" name="verifyUserNameTest" duration-ms="148" started-at="2019-01-02T07:58:09Z" finished-at="2019-01-02T07:58:09Z">
          <reporter-output>
          </reporter-output>
        </test-method> <!-- verifyUserNameTest -->
        <test-method status="PASS" signature="tearDwon()[pri:0, instance:com.crm.qa.testcases.HomePageTest@1a968a59]" name="tearDwon" is-config="true" duration-ms="668" started-at="2019-01-02T07:58:09Z" finished-at="2019-01-02T07:58:10Z">
          <reporter-output>
          </reporter-output>
        </test-method> <!-- tearDwon -->
        <test-method status="PASS" signature="setUp()[pri:0, instance:com.crm.qa.testcases.HomePageTest@1a968a59]" name="setUp" is-config="true" duration-ms="16486" started-at="2019-01-02T07:58:31Z" finished-at="2019-01-02T07:58:47Z">
          <reporter-output>
          </reporter-output>
        </test-method> <!-- setUp -->
        <test-method status="PASS" signature="contactsPageTest()[pri:3, instance:com.crm.qa.testcases.HomePageTest@1a968a59]" name="contactsPageTest" duration-ms="2950" started-at="2019-01-02T07:58:47Z" finished-at="2019-01-02T07:58:50Z">
          <reporter-output>
          </reporter-output>
        </test-method> <!-- contactsPageTest -->
        <test-method status="PASS" signature="tearDwon()[pri:0, instance:com.crm.qa.testcases.HomePageTest@1a968a59]" name="tearDwon" is-config="true" duration-ms="734" started-at="2019-01-02T07:58:50Z" finished-at="2019-01-02T07:58:51Z">
          <reporter-output>
          </reporter-output>
        </test-method> <!-- tearDwon -->
        <test-method status="PASS" signature="setUp()[pri:0, instance:com.crm.qa.testcases.HomePageTest@1a968a59]" name="setUp" is-config="true" duration-ms="17707" started-at="2019-01-02T07:58:51Z" finished-at="2019-01-02T07:59:08Z">
          <reporter-output>
          </reporter-output>
        </test-method> <!-- setUp -->
        <test-method status="PASS" signature="dealsPageTest()[pri:4, instance:com.crm.qa.testcases.HomePageTest@1a968a59]" name="dealsPageTest" duration-ms="1233" started-at="2019-01-02T07:59:08Z" finished-at="2019-01-02T07:59:10Z">
          <reporter-output>
          </reporter-output>
        </test-method> <!-- dealsPageTest -->
        <test-method status="PASS" signature="tearDwon()[pri:0, instance:com.crm.qa.testcases.HomePageTest@1a968a59]" name="tearDwon" is-config="true" duration-ms="703" started-at="2019-01-02T07:59:10Z" finished-at="2019-01-02T07:59:10Z">
          <reporter-output>
          </reporter-output>
        </test-method> <!-- tearDwon -->
        <test-method status="PASS" signature="setUp()[pri:0, instance:com.crm.qa.testcases.HomePageTest@1a968a59]" name="setUp" is-config="true" duration-ms="16751" started-at="2019-01-02T07:59:10Z" finished-at="2019-01-02T07:59:27Z">
          <reporter-output>
          </reporter-output>
        </test-method> <!-- setUp -->
        <test-method status="PASS" signature="tasksPageTest()[pri:5, instance:com.crm.qa.testcases.HomePageTest@1a968a59]" name="tasksPageTest" duration-ms="1324" started-at="2019-01-02T07:59:27Z" finished-at="2019-01-02T07:59:29Z">
          <reporter-output>
          </reporter-output>
        </test-method> <!-- tasksPageTest -->
        <test-method status="PASS" signature="tearDwon()[pri:0, instance:com.crm.qa.testcases.HomePageTest@1a968a59]" name="tearDwon" is-config="true" duration-ms="793" started-at="2019-01-02T07:59:29Z" finished-at="2019-01-02T07:59:29Z">
          <reporter-output>
          </reporter-output>
        </test-method> <!-- tearDwon -->
      </class> <!-- com.crm.qa.testcases.HomePageTest -->
      <class name="com.crm.qa.testcases.LoginPageTest">
        <test-method status="PASS" signature="setUp()[pri:0, instance:com.crm.qa.testcases.LoginPageTest@548e7350]" name="setUp" is-config="true" duration-ms="9230" started-at="2019-01-02T07:57:14Z" finished-at="2019-01-02T07:57:23Z">
          <reporter-output>
          </reporter-output>
        </test-method> <!-- setUp -->
        <test-method status="PASS" signature="loginPageTitleTest()[pri:1, instance:com.crm.qa.testcases.LoginPageTest@548e7350]" name="loginPageTitleTest" duration-ms="19" started-at="2019-01-02T07:57:23Z" finished-at="2019-01-02T07:57:23Z">
          <reporter-output>
          </reporter-output>
        </test-method> <!-- loginPageTitleTest -->
        <test-method status="PASS" signature="tearDown()[pri:0, instance:com.crm.qa.testcases.LoginPageTest@548e7350]" name="tearDown" is-config="true" duration-ms="684" started-at="2019-01-02T07:57:23Z" finished-at="2019-01-02T07:57:24Z">
          <reporter-output>
          </reporter-output>
        </test-method> <!-- tearDown -->
        <test-method status="PASS" signature="setUp()[pri:0, instance:com.crm.qa.testcases.LoginPageTest@548e7350]" name="setUp" is-config="true" duration-ms="8664" started-at="2019-01-02T07:57:43Z" finished-at="2019-01-02T07:57:51Z">
          <reporter-output>
          </reporter-output>
        </test-method> <!-- setUp -->
        <test-method status="PASS" signature="crmlogoImageTest()[pri:2, instance:com.crm.qa.testcases.LoginPageTest@548e7350]" name="crmlogoImageTest" duration-ms="44" started-at="2019-01-02T07:57:51Z" finished-at="2019-01-02T07:57:51Z">
          <reporter-output>
          </reporter-output>
        </test-method> <!-- crmlogoImageTest -->
        <test-method status="PASS" signature="tearDown()[pri:0, instance:com.crm.qa.testcases.LoginPageTest@548e7350]" name="tearDown" is-config="true" duration-ms="675" started-at="2019-01-02T07:57:51Z" finished-at="2019-01-02T07:57:52Z">
          <reporter-output>
          </reporter-output>
        </test-method> <!-- tearDown -->
        <test-method status="PASS" signature="setUp()[pri:0, instance:com.crm.qa.testcases.LoginPageTest@548e7350]" name="setUp" is-config="true" duration-ms="8685" started-at="2019-01-02T07:58:10Z" finished-at="2019-01-02T07:58:18Z">
          <reporter-output>
          </reporter-output>
        </test-method> <!-- setUp -->
        <test-method status="PASS" signature="loginTest()[pri:3, instance:com.crm.qa.testcases.LoginPageTest@548e7350]" name="loginTest" duration-ms="11375" started-at="2019-01-02T07:58:18Z" finished-at="2019-01-02T07:58:30Z">
          <reporter-output>
          </reporter-output>
        </test-method> <!-- loginTest -->
        <test-method status="PASS" signature="tearDown()[pri:0, instance:com.crm.qa.testcases.LoginPageTest@548e7350]" name="tearDown" is-config="true" duration-ms="809" started-at="2019-01-02T07:58:30Z" finished-at="2019-01-02T07:58:31Z">
          <reporter-output>
          </reporter-output>
        </test-method> <!-- tearDown -->
      </class> <!-- com.crm.qa.testcases.LoginPageTest -->
    </test> <!-- Free CRM App test Cases -->
  </suite> <!-- Free CRM Application Test Automation Test Suite -->
</testng-results>
